<?xml version="1.0" encoding="UTF-8"?>
<robot generator="Robot 6.1.1 (Python 3.10.12 on linux)" generated="20231117 16:06:13.205" rpa="false" schemaversion="4">
<suite id="s1" name="Tests" source="/home/juhani/AA_Koulu/palautusrepositorio/viikko3/web-login/src/tests">
<suite id="s1-s1" name="Home" source="/home/juhani/AA_Koulu/palautusrepositorio/viikko3/web-login/src/tests/home.robot">
<kw name="Open And Configure Browser" library="resource" type="SETUP">
<kw name="Evaluate" library="BuiltIn">
<var>${options}</var>
<arg>sys.modules['selenium.webdriver'].ChromeOptions()</arg>
<arg>sys</arg>
<doc>Evaluates the given expression in Python and returns the result.</doc>
<msg timestamp="20231117 16:06:13.306" level="INFO">${options} = &lt;selenium.webdriver.chrome.options.Options object at 0x7f30b4ac9c90&gt;</msg>
<status status="PASS" starttime="20231117 16:06:13.306" endtime="20231117 16:06:13.306"/>
</kw>
<kw name="Call Method" library="BuiltIn">
<arg>${options}</arg>
<arg>add_argument</arg>
<arg>--no-sandbox</arg>
<doc>Calls the named method of the given object with the provided arguments.</doc>
<status status="PASS" starttime="20231117 16:06:13.306" endtime="20231117 16:06:13.306"/>
</kw>
<kw name="Call Method" library="BuiltIn">
<arg>${options}</arg>
<arg>add_argument</arg>
<arg>--headless</arg>
<doc>Calls the named method of the given object with the provided arguments.</doc>
<status status="PASS" starttime="20231117 16:06:13.306" endtime="20231117 16:06:13.306"/>
</kw>
<kw name="Open Browser" library="SeleniumLibrary">
<arg>browser=chrome</arg>
<arg>options=${options}</arg>
<doc>Opens a new browser instance to the optional ``url``.</doc>
<msg timestamp="20231117 16:06:13.307" level="INFO">Opening browser 'chrome' to base url 'None'.</msg>
<status status="PASS" starttime="20231117 16:06:13.306" endtime="20231117 16:06:13.951"/>
</kw>
<kw name="Set Selenium Speed" library="SeleniumLibrary">
<arg>${DELAY}</arg>
<doc>Sets the delay that is waited after each Selenium command.</doc>
<status status="PASS" starttime="20231117 16:06:13.951" endtime="20231117 16:06:13.951"/>
</kw>
<status status="PASS" starttime="20231117 16:06:13.306" endtime="20231117 16:06:13.951"/>
</kw>
<test id="s1-s1-t1" name="Click Login Link" line="8">
<kw name="Go To Starting Page" library="resource" type="SETUP">
<kw name="Go To" library="SeleniumLibrary">
<arg>${HOME_URL}</arg>
<doc>Navigates the current browser window to the provided ``url``.</doc>
<msg timestamp="20231117 16:06:13.952" level="INFO">Opening url 'http://localhost:5001'</msg>
<status status="PASS" starttime="20231117 16:06:13.952" endtime="20231117 16:06:13.992"/>
</kw>
<status status="PASS" starttime="20231117 16:06:13.952" endtime="20231117 16:06:13.992"/>
</kw>
<kw name="Click Link" library="SeleniumLibrary">
<arg>Login</arg>
<doc>Clicks a link identified by ``locator``.</doc>
<msg timestamp="20231117 16:06:13.993" level="INFO">Clicking link 'Login'.</msg>
<status status="PASS" starttime="20231117 16:06:13.992" endtime="20231117 16:06:14.032"/>
</kw>
<kw name="Login Page Should Be Open" library="resource">
<kw name="Title Should Be" library="SeleniumLibrary">
<arg>Login</arg>
<doc>Verifies that the current page title equals ``title``.</doc>
<msg timestamp="20231117 16:06:14.035" level="INFO">Page title is 'Login'.</msg>
<status status="PASS" starttime="20231117 16:06:14.033" endtime="20231117 16:06:14.036"/>
</kw>
<status status="PASS" starttime="20231117 16:06:14.032" endtime="20231117 16:06:14.036"/>
</kw>
<status status="PASS" starttime="20231117 16:06:13.951" endtime="20231117 16:06:14.036"/>
</test>
<test id="s1-s1-t2" name="Click Register Link" line="12">
<kw name="Go To Starting Page" library="resource" type="SETUP">
<kw name="Go To" library="SeleniumLibrary">
<arg>${HOME_URL}</arg>
<doc>Navigates the current browser window to the provided ``url``.</doc>
<msg timestamp="20231117 16:06:14.037" level="INFO">Opening url 'http://localhost:5001'</msg>
<status status="PASS" starttime="20231117 16:06:14.036" endtime="20231117 16:06:14.044"/>
</kw>
<status status="PASS" starttime="20231117 16:06:14.036" endtime="20231117 16:06:14.044"/>
</kw>
<kw name="Click Link" library="SeleniumLibrary">
<arg>Register new user</arg>
<doc>Clicks a link identified by ``locator``.</doc>
<msg timestamp="20231117 16:06:14.045" level="INFO">Clicking link 'Register new user'.</msg>
<status status="PASS" starttime="20231117 16:06:14.044" endtime="20231117 16:06:14.076"/>
</kw>
<kw name="Register Page Should Be Open" library="resource">
<kw name="Title Should Be" library="SeleniumLibrary">
<arg>Register</arg>
<doc>Verifies that the current page title equals ``title``.</doc>
<msg timestamp="20231117 16:06:14.079" level="INFO">Page title is 'Register'.</msg>
<status status="PASS" starttime="20231117 16:06:14.077" endtime="20231117 16:06:14.079"/>
</kw>
<status status="PASS" starttime="20231117 16:06:14.077" endtime="20231117 16:06:14.079"/>
</kw>
<status status="PASS" starttime="20231117 16:06:14.036" endtime="20231117 16:06:14.079"/>
</test>
<kw name="Close Browser" library="SeleniumLibrary" type="TEARDOWN">
<doc>Closes the current browser.</doc>
<status status="PASS" starttime="20231117 16:06:14.080" endtime="20231117 16:06:14.138"/>
</kw>
<status status="PASS" starttime="20231117 16:06:13.216" endtime="20231117 16:06:14.139"/>
</suite>
<suite id="s1-s2" name="Login" source="/home/juhani/AA_Koulu/palautusrepositorio/viikko3/web-login/src/tests/login.robot">
<kw name="Open And Configure Browser" library="resource" type="SETUP">
<kw name="Evaluate" library="BuiltIn">
<var>${options}</var>
<arg>sys.modules['selenium.webdriver'].ChromeOptions()</arg>
<arg>sys</arg>
<doc>Evaluates the given expression in Python and returns the result.</doc>
<msg timestamp="20231117 16:06:14.146" level="INFO">${options} = &lt;selenium.webdriver.chrome.options.Options object at 0x7f30b4aca7a0&gt;</msg>
<status status="PASS" starttime="20231117 16:06:14.145" endtime="20231117 16:06:14.146"/>
</kw>
<kw name="Call Method" library="BuiltIn">
<arg>${options}</arg>
<arg>add_argument</arg>
<arg>--no-sandbox</arg>
<doc>Calls the named method of the given object with the provided arguments.</doc>
<status status="PASS" starttime="20231117 16:06:14.146" endtime="20231117 16:06:14.146"/>
</kw>
<kw name="Call Method" library="BuiltIn">
<arg>${options}</arg>
<arg>add_argument</arg>
<arg>--headless</arg>
<doc>Calls the named method of the given object with the provided arguments.</doc>
<status status="PASS" starttime="20231117 16:06:14.146" endtime="20231117 16:06:14.147"/>
</kw>
<kw name="Open Browser" library="SeleniumLibrary">
<arg>browser=chrome</arg>
<arg>options=${options}</arg>
<doc>Opens a new browser instance to the optional ``url``.</doc>
<msg timestamp="20231117 16:06:14.148" level="INFO">Opening browser 'chrome' to base url 'None'.</msg>
<status status="PASS" starttime="20231117 16:06:14.147" endtime="20231117 16:06:14.809"/>
</kw>
<kw name="Set Selenium Speed" library="SeleniumLibrary">
<arg>${DELAY}</arg>
<doc>Sets the delay that is waited after each Selenium command.</doc>
<status status="PASS" starttime="20231117 16:06:14.809" endtime="20231117 16:06:14.810"/>
</kw>
<status status="PASS" starttime="20231117 16:06:14.145" endtime="20231117 16:06:14.810"/>
</kw>
<test id="s1-s2-t1" name="Login With Correct Credentials" line="8">
<kw name="Create User And Go To Login Page" type="SETUP">
<kw name="Create User" library="AppLibrary">
<arg>kalle</arg>
<arg>kalle123</arg>
<status status="PASS" starttime="20231117 16:06:14.810" endtime="20231117 16:06:14.815"/>
</kw>
<kw name="Go To Login Page" library="resource">
<kw name="Go To" library="SeleniumLibrary">
<arg>${LOGIN_URL}</arg>
<doc>Navigates the current browser window to the provided ``url``.</doc>
<msg timestamp="20231117 16:06:14.816" level="INFO">Opening url 'http://localhost:5001/login'</msg>
<status status="PASS" starttime="20231117 16:06:14.816" endtime="20231117 16:06:14.860"/>
</kw>
<status status="PASS" starttime="20231117 16:06:14.815" endtime="20231117 16:06:14.860"/>
</kw>
<kw name="Login Page Should Be Open" library="resource">
<kw name="Title Should Be" library="SeleniumLibrary">
<arg>Login</arg>
<doc>Verifies that the current page title equals ``title``.</doc>
<msg timestamp="20231117 16:06:14.864" level="INFO">Page title is 'Login'.</msg>
<status status="PASS" starttime="20231117 16:06:14.861" endtime="20231117 16:06:14.864"/>
</kw>
<status status="PASS" starttime="20231117 16:06:14.861" endtime="20231117 16:06:14.864"/>
</kw>
<status status="PASS" starttime="20231117 16:06:14.810" endtime="20231117 16:06:14.864"/>
</kw>
<kw name="Set Username">
<arg>kalle</arg>
<kw name="Input Text" library="SeleniumLibrary">
<arg>username</arg>
<arg>${username}</arg>
<doc>Types the given ``text`` into the text field identified by ``locator``.</doc>
<msg timestamp="20231117 16:06:14.864" level="INFO">Typing text 'kalle' into text field 'username'.</msg>
<status status="PASS" starttime="20231117 16:06:14.864" endtime="20231117 16:06:14.915"/>
</kw>
<status status="PASS" starttime="20231117 16:06:14.864" endtime="20231117 16:06:14.915"/>
</kw>
<kw name="Set Password">
<arg>kalle123</arg>
<kw name="Input Password" library="SeleniumLibrary">
<arg>password</arg>
<arg>${password}</arg>
<doc>Types the given password into the text field identified by ``locator``.</doc>
<msg timestamp="20231117 16:06:14.916" level="INFO">Typing password into text field 'password'.</msg>
<msg timestamp="20231117 16:06:14.933" level="INFO">Temporally setting log level to: NONE</msg>
<msg timestamp="20231117 16:06:14.954" level="INFO">Log level changed from NONE to INFO.</msg>
<status status="PASS" starttime="20231117 16:06:14.915" endtime="20231117 16:06:14.954"/>
</kw>
<status status="PASS" starttime="20231117 16:06:14.915" endtime="20231117 16:06:14.954"/>
</kw>
<kw name="Submit Credentials">
<kw name="Click Button" library="SeleniumLibrary">
<arg>Login</arg>
<doc>Clicks the button identified by ``locator``.</doc>
<msg timestamp="20231117 16:06:14.954" level="INFO">Clicking button 'Login'.</msg>
<status status="PASS" starttime="20231117 16:06:14.954" endtime="20231117 16:06:14.992"/>
</kw>
<status status="PASS" starttime="20231117 16:06:14.954" endtime="20231117 16:06:14.993"/>
</kw>
<kw name="Login Should Succeed">
<kw name="Main Page Should Be Open" library="resource">
<kw name="Title Should Be" library="SeleniumLibrary">
<arg>Ohtu Application main page</arg>
<doc>Verifies that the current page title equals ``title``.</doc>
<msg timestamp="20231117 16:06:14.995" level="INFO">Page title is 'Ohtu Application main page'.</msg>
<status status="PASS" starttime="20231117 16:06:14.993" endtime="20231117 16:06:14.995"/>
</kw>
<status status="PASS" starttime="20231117 16:06:14.993" endtime="20231117 16:06:14.995"/>
</kw>
<status status="PASS" starttime="20231117 16:06:14.993" endtime="20231117 16:06:14.995"/>
</kw>
<status status="PASS" starttime="20231117 16:06:14.810" endtime="20231117 16:06:14.995"/>
</test>
<test id="s1-s2-t2" name="Login With Incorrect Password" line="14">
<kw name="Create User And Go To Login Page" type="SETUP">
<kw name="Create User" library="AppLibrary">
<arg>kalle</arg>
<arg>kalle123</arg>
<status status="PASS" starttime="20231117 16:06:14.996" endtime="20231117 16:06:15.001"/>
</kw>
<kw name="Go To Login Page" library="resource">
<kw name="Go To" library="SeleniumLibrary">
<arg>${LOGIN_URL}</arg>
<doc>Navigates the current browser window to the provided ``url``.</doc>
<msg timestamp="20231117 16:06:15.001" level="INFO">Opening url 'http://localhost:5001/login'</msg>
<status status="PASS" starttime="20231117 16:06:15.001" endtime="20231117 16:06:15.010"/>
</kw>
<status status="PASS" starttime="20231117 16:06:15.001" endtime="20231117 16:06:15.010"/>
</kw>
<kw name="Login Page Should Be Open" library="resource">
<kw name="Title Should Be" library="SeleniumLibrary">
<arg>Login</arg>
<doc>Verifies that the current page title equals ``title``.</doc>
<msg timestamp="20231117 16:06:15.012" level="INFO">Page title is 'Login'.</msg>
<status status="PASS" starttime="20231117 16:06:15.010" endtime="20231117 16:06:15.012"/>
</kw>
<status status="PASS" starttime="20231117 16:06:15.010" endtime="20231117 16:06:15.012"/>
</kw>
<status status="PASS" starttime="20231117 16:06:14.996" endtime="20231117 16:06:15.012"/>
</kw>
<kw name="Set Username">
<arg>kalle</arg>
<kw name="Input Text" library="SeleniumLibrary">
<arg>username</arg>
<arg>${username}</arg>
<doc>Types the given ``text`` into the text field identified by ``locator``.</doc>
<msg timestamp="20231117 16:06:15.013" level="INFO">Typing text 'kalle' into text field 'username'.</msg>
<status status="PASS" starttime="20231117 16:06:15.013" endtime="20231117 16:06:15.048"/>
</kw>
<status status="PASS" starttime="20231117 16:06:15.012" endtime="20231117 16:06:15.048"/>
</kw>
<kw name="Set Password">
<arg>kalle456</arg>
<kw name="Input Password" library="SeleniumLibrary">
<arg>password</arg>
<arg>${password}</arg>
<doc>Types the given password into the text field identified by ``locator``.</doc>
<msg timestamp="20231117 16:06:15.049" level="INFO">Typing password into text field 'password'.</msg>
<msg timestamp="20231117 16:06:15.064" level="INFO">Temporally setting log level to: NONE</msg>
<msg timestamp="20231117 16:06:15.083" level="INFO">Log level changed from NONE to INFO.</msg>
<status status="PASS" starttime="20231117 16:06:15.048" endtime="20231117 16:06:15.083"/>
</kw>
<status status="PASS" starttime="20231117 16:06:15.048" endtime="20231117 16:06:15.083"/>
</kw>
<kw name="Submit Credentials">
<kw name="Click Button" library="SeleniumLibrary">
<arg>Login</arg>
<doc>Clicks the button identified by ``locator``.</doc>
<msg timestamp="20231117 16:06:15.084" level="INFO">Clicking button 'Login'.</msg>
<status status="PASS" starttime="20231117 16:06:15.083" endtime="20231117 16:06:15.113"/>
</kw>
<status status="PASS" starttime="20231117 16:06:15.083" endtime="20231117 16:06:15.113"/>
</kw>
<kw name="Login Should Fail With Message">
<arg>Invalid username or password</arg>
<kw name="Login Page Should Be Open" library="resource">
<kw name="Title Should Be" library="SeleniumLibrary">
<arg>Login</arg>
<doc>Verifies that the current page title equals ``title``.</doc>
<msg timestamp="20231117 16:06:15.116" level="INFO">Page title is 'Login'.</msg>
<status status="PASS" starttime="20231117 16:06:15.114" endtime="20231117 16:06:15.116"/>
</kw>
<status status="PASS" starttime="20231117 16:06:15.114" endtime="20231117 16:06:15.116"/>
</kw>
<kw name="Page Should Contain" library="SeleniumLibrary">
<arg>${message}</arg>
<doc>Verifies that current page contains ``text``.</doc>
<msg timestamp="20231117 16:06:15.124" level="INFO">Current page contains text 'Invalid username or password'.</msg>
<status status="PASS" starttime="20231117 16:06:15.116" endtime="20231117 16:06:15.124"/>
</kw>
<status status="PASS" starttime="20231117 16:06:15.113" endtime="20231117 16:06:15.124"/>
</kw>
<status status="PASS" starttime="20231117 16:06:14.996" endtime="20231117 16:06:15.124"/>
</test>
<test id="s1-s2-t3" name="Login With Nonexistent Username" line="20">
<kw name="Create User And Go To Login Page" type="SETUP">
<kw name="Create User" library="AppLibrary">
<arg>kalle</arg>
<arg>kalle123</arg>
<status status="PASS" starttime="20231117 16:06:15.125" endtime="20231117 16:06:15.130"/>
</kw>
<kw name="Go To Login Page" library="resource">
<kw name="Go To" library="SeleniumLibrary">
<arg>${LOGIN_URL}</arg>
<doc>Navigates the current browser window to the provided ``url``.</doc>
<msg timestamp="20231117 16:06:15.131" level="INFO">Opening url 'http://localhost:5001/login'</msg>
<status status="PASS" starttime="20231117 16:06:15.131" endtime="20231117 16:06:15.138"/>
</kw>
<status status="PASS" starttime="20231117 16:06:15.131" endtime="20231117 16:06:15.138"/>
</kw>
<kw name="Login Page Should Be Open" library="resource">
<kw name="Title Should Be" library="SeleniumLibrary">
<arg>Login</arg>
<doc>Verifies that the current page title equals ``title``.</doc>
<msg timestamp="20231117 16:06:15.141" level="INFO">Page title is 'Login'.</msg>
<status status="PASS" starttime="20231117 16:06:15.139" endtime="20231117 16:06:15.141"/>
</kw>
<status status="PASS" starttime="20231117 16:06:15.139" endtime="20231117 16:06:15.141"/>
</kw>
<status status="PASS" starttime="20231117 16:06:15.125" endtime="20231117 16:06:15.141"/>
</kw>
<kw name="Set Username">
<arg>aa</arg>
<kw name="Input Text" library="SeleniumLibrary">
<arg>username</arg>
<arg>${username}</arg>
<doc>Types the given ``text`` into the text field identified by ``locator``.</doc>
<msg timestamp="20231117 16:06:15.142" level="INFO">Typing text 'aa' into text field 'username'.</msg>
<status status="PASS" starttime="20231117 16:06:15.142" endtime="20231117 16:06:15.176"/>
</kw>
<status status="PASS" starttime="20231117 16:06:15.141" endtime="20231117 16:06:15.176"/>
</kw>
<kw name="Set Password">
<arg>kalle123</arg>
<kw name="Input Password" library="SeleniumLibrary">
<arg>password</arg>
<arg>${password}</arg>
<doc>Types the given password into the text field identified by ``locator``.</doc>
<msg timestamp="20231117 16:06:15.177" level="INFO">Typing password into text field 'password'.</msg>
<msg timestamp="20231117 16:06:15.192" level="INFO">Temporally setting log level to: NONE</msg>
<msg timestamp="20231117 16:06:15.211" level="INFO">Log level changed from NONE to INFO.</msg>
<status status="PASS" starttime="20231117 16:06:15.176" endtime="20231117 16:06:15.211"/>
</kw>
<status status="PASS" starttime="20231117 16:06:15.176" endtime="20231117 16:06:15.211"/>
</kw>
<kw name="Submit Credentials">
<kw name="Click Button" library="SeleniumLibrary">
<arg>Login</arg>
<doc>Clicks the button identified by ``locator``.</doc>
<msg timestamp="20231117 16:06:15.212" level="INFO">Clicking button 'Login'.</msg>
<status status="PASS" starttime="20231117 16:06:15.212" endtime="20231117 16:06:15.241"/>
</kw>
<status status="PASS" starttime="20231117 16:06:15.211" endtime="20231117 16:06:15.241"/>
</kw>
<kw name="Login Should Fail With Message">
<arg>Invalid username or password</arg>
<kw name="Login Page Should Be Open" library="resource">
<kw name="Title Should Be" library="SeleniumLibrary">
<arg>Login</arg>
<doc>Verifies that the current page title equals ``title``.</doc>
<msg timestamp="20231117 16:06:15.244" level="INFO">Page title is 'Login'.</msg>
<status status="PASS" starttime="20231117 16:06:15.241" endtime="20231117 16:06:15.244"/>
</kw>
<status status="PASS" starttime="20231117 16:06:15.241" endtime="20231117 16:06:15.244"/>
</kw>
<kw name="Page Should Contain" library="SeleniumLibrary">
<arg>${message}</arg>
<doc>Verifies that current page contains ``text``.</doc>
<msg timestamp="20231117 16:06:15.250" level="INFO">Current page contains text 'Invalid username or password'.</msg>
<status status="PASS" starttime="20231117 16:06:15.244" endtime="20231117 16:06:15.250"/>
</kw>
<status status="PASS" starttime="20231117 16:06:15.241" endtime="20231117 16:06:15.250"/>
</kw>
<status status="PASS" starttime="20231117 16:06:15.125" endtime="20231117 16:06:15.250"/>
</test>
<kw name="Close Browser" library="SeleniumLibrary" type="TEARDOWN">
<doc>Closes the current browser.</doc>
<status status="PASS" starttime="20231117 16:06:15.250" endtime="20231117 16:06:15.307"/>
</kw>
<status status="PASS" starttime="20231117 16:06:14.140" endtime="20231117 16:06:15.307"/>
</suite>
<suite id="s1-s3" name="Register" source="/home/juhani/AA_Koulu/palautusrepositorio/viikko3/web-login/src/tests/register.robot">
<kw name="Open And Configure Browser" library="resource" type="SETUP">
<kw name="Evaluate" library="BuiltIn">
<var>${options}</var>
<arg>sys.modules['selenium.webdriver'].ChromeOptions()</arg>
<arg>sys</arg>
<doc>Evaluates the given expression in Python and returns the result.</doc>
<msg timestamp="20231117 16:06:15.314" level="INFO">${options} = &lt;selenium.webdriver.chrome.options.Options object at 0x7f30b47f06d0&gt;</msg>
<status status="PASS" starttime="20231117 16:06:15.314" endtime="20231117 16:06:15.314"/>
</kw>
<kw name="Call Method" library="BuiltIn">
<arg>${options}</arg>
<arg>add_argument</arg>
<arg>--no-sandbox</arg>
<doc>Calls the named method of the given object with the provided arguments.</doc>
<status status="PASS" starttime="20231117 16:06:15.314" endtime="20231117 16:06:15.315"/>
</kw>
<kw name="Call Method" library="BuiltIn">
<arg>${options}</arg>
<arg>add_argument</arg>
<arg>--headless</arg>
<doc>Calls the named method of the given object with the provided arguments.</doc>
<status status="PASS" starttime="20231117 16:06:15.315" endtime="20231117 16:06:15.315"/>
</kw>
<kw name="Open Browser" library="SeleniumLibrary">
<arg>browser=chrome</arg>
<arg>options=${options}</arg>
<doc>Opens a new browser instance to the optional ``url``.</doc>
<msg timestamp="20231117 16:06:15.316" level="INFO">Opening browser 'chrome' to base url 'None'.</msg>
<status status="PASS" starttime="20231117 16:06:15.315" endtime="20231117 16:06:15.970"/>
</kw>
<kw name="Set Selenium Speed" library="SeleniumLibrary">
<arg>${DELAY}</arg>
<doc>Sets the delay that is waited after each Selenium command.</doc>
<status status="PASS" starttime="20231117 16:06:15.970" endtime="20231117 16:06:15.970"/>
</kw>
<status status="PASS" starttime="20231117 16:06:15.313" endtime="20231117 16:06:15.970"/>
</kw>
<test id="s1-s3-t1" name="Register With Valid Username And Password" line="8">
<kw name="Go To Register Page" library="resource" type="SETUP">
<kw name="Go To" library="SeleniumLibrary">
<arg>${REGISTER_URL}</arg>
<doc>Navigates the current browser window to the provided ``url``.</doc>
<msg timestamp="20231117 16:06:15.971" level="INFO">Opening url 'http://localhost:5001/register'</msg>
<status status="PASS" starttime="20231117 16:06:15.970" endtime="20231117 16:06:16.012"/>
</kw>
<status status="PASS" starttime="20231117 16:06:15.970" endtime="20231117 16:06:16.012"/>
</kw>
<kw name="Set Username">
<arg>kallestart</arg>
<kw name="Input Text" library="SeleniumLibrary">
<arg>username</arg>
<arg>${username}</arg>
<doc>Types the given ``text`` into the text field identified by ``locator``.</doc>
<msg timestamp="20231117 16:06:16.013" level="INFO">Typing text 'kallestart' into text field 'username'.</msg>
<status status="PASS" starttime="20231117 16:06:16.013" endtime="20231117 16:06:16.066"/>
</kw>
<status status="PASS" starttime="20231117 16:06:16.012" endtime="20231117 16:06:16.067"/>
</kw>
<kw name="Set Password">
<arg>kalle123</arg>
<kw name="Input Password" library="SeleniumLibrary">
<arg>password</arg>
<arg>${password}</arg>
<doc>Types the given password into the text field identified by ``locator``.</doc>
<msg timestamp="20231117 16:06:16.067" level="INFO">Typing password into text field 'password'.</msg>
<msg timestamp="20231117 16:06:16.085" level="INFO">Temporally setting log level to: NONE</msg>
<msg timestamp="20231117 16:06:16.104" level="INFO">Log level changed from NONE to INFO.</msg>
<status status="PASS" starttime="20231117 16:06:16.067" endtime="20231117 16:06:16.104"/>
</kw>
<status status="PASS" starttime="20231117 16:06:16.067" endtime="20231117 16:06:16.104"/>
</kw>
<kw name="Set Password Confirmation">
<arg>kalle123</arg>
<kw name="Input Password" library="SeleniumLibrary">
<arg>password_confirmation</arg>
<arg>${password}</arg>
<doc>Types the given password into the text field identified by ``locator``.</doc>
<msg timestamp="20231117 16:06:16.105" level="INFO">Typing password into text field 'password_confirmation'.</msg>
<msg timestamp="20231117 16:06:16.123" level="INFO">Temporally setting log level to: NONE</msg>
<msg timestamp="20231117 16:06:16.141" level="INFO">Log level changed from NONE to INFO.</msg>
<status status="PASS" starttime="20231117 16:06:16.105" endtime="20231117 16:06:16.141"/>
</kw>
<status status="PASS" starttime="20231117 16:06:16.105" endtime="20231117 16:06:16.141"/>
</kw>
<kw name="Submit Credentials">
<kw name="Click Button" library="SeleniumLibrary">
<arg>Register</arg>
<doc>Clicks the button identified by ``locator``.</doc>
<msg timestamp="20231117 16:06:16.142" level="INFO">Clicking button 'Register'.</msg>
<status status="PASS" starttime="20231117 16:06:16.142" endtime="20231117 16:06:16.180"/>
</kw>
<status status="PASS" starttime="20231117 16:06:16.141" endtime="20231117 16:06:16.180"/>
</kw>
<kw name="Register Should Succeed">
<kw name="Title Should Be" library="SeleniumLibrary">
<arg>Welcome to Ohtu Application!</arg>
<doc>Verifies that the current page title equals ``title``.</doc>
<msg timestamp="20231117 16:06:16.182" level="INFO">Page title is 'Welcome to Ohtu Application!'.</msg>
<status status="PASS" starttime="20231117 16:06:16.180" endtime="20231117 16:06:16.183"/>
</kw>
<status status="PASS" starttime="20231117 16:06:16.180" endtime="20231117 16:06:16.183"/>
</kw>
<status status="PASS" starttime="20231117 16:06:15.970" endtime="20231117 16:06:16.183"/>
</test>
<test id="s1-s3-t2" name="Register With Too Short Username And Valid Password" line="15">
<kw name="Go To Register Page" library="resource" type="SETUP">
<kw name="Go To" library="SeleniumLibrary">
<arg>${REGISTER_URL}</arg>
<doc>Navigates the current browser window to the provided ``url``.</doc>
<msg timestamp="20231117 16:06:16.183" level="INFO">Opening url 'http://localhost:5001/register'</msg>
<status status="PASS" starttime="20231117 16:06:16.183" endtime="20231117 16:06:16.191"/>
</kw>
<status status="PASS" starttime="20231117 16:06:16.183" endtime="20231117 16:06:16.191"/>
</kw>
<kw name="Set Username">
<arg>ka</arg>
<kw name="Input Text" library="SeleniumLibrary">
<arg>username</arg>
<arg>${username}</arg>
<doc>Types the given ``text`` into the text field identified by ``locator``.</doc>
<msg timestamp="20231117 16:06:16.192" level="INFO">Typing text 'ka' into text field 'username'.</msg>
<status status="PASS" starttime="20231117 16:06:16.191" endtime="20231117 16:06:16.228"/>
</kw>
<status status="PASS" starttime="20231117 16:06:16.191" endtime="20231117 16:06:16.228"/>
</kw>
<kw name="Set Password">
<arg>kalle123</arg>
<kw name="Input Password" library="SeleniumLibrary">
<arg>password</arg>
<arg>${password}</arg>
<doc>Types the given password into the text field identified by ``locator``.</doc>
<msg timestamp="20231117 16:06:16.228" level="INFO">Typing password into text field 'password'.</msg>
<msg timestamp="20231117 16:06:16.244" level="INFO">Temporally setting log level to: NONE</msg>
<msg timestamp="20231117 16:06:16.263" level="INFO">Log level changed from NONE to INFO.</msg>
<status status="PASS" starttime="20231117 16:06:16.228" endtime="20231117 16:06:16.263"/>
</kw>
<status status="PASS" starttime="20231117 16:06:16.228" endtime="20231117 16:06:16.263"/>
</kw>
<kw name="Set Password Confirmation">
<arg>kalle123</arg>
<kw name="Input Password" library="SeleniumLibrary">
<arg>password_confirmation</arg>
<arg>${password}</arg>
<doc>Types the given password into the text field identified by ``locator``.</doc>
<msg timestamp="20231117 16:06:16.264" level="INFO">Typing password into text field 'password_confirmation'.</msg>
<msg timestamp="20231117 16:06:16.279" level="INFO">Temporally setting log level to: NONE</msg>
<msg timestamp="20231117 16:06:16.298" level="INFO">Log level changed from NONE to INFO.</msg>
<status status="PASS" starttime="20231117 16:06:16.264" endtime="20231117 16:06:16.299"/>
</kw>
<status status="PASS" starttime="20231117 16:06:16.263" endtime="20231117 16:06:16.299"/>
</kw>
<kw name="Submit Credentials">
<kw name="Click Button" library="SeleniumLibrary">
<arg>Register</arg>
<doc>Clicks the button identified by ``locator``.</doc>
<msg timestamp="20231117 16:06:16.299" level="INFO">Clicking button 'Register'.</msg>
<status status="PASS" starttime="20231117 16:06:16.299" endtime="20231117 16:06:16.329"/>
</kw>
<status status="PASS" starttime="20231117 16:06:16.299" endtime="20231117 16:06:16.329"/>
</kw>
<kw name="Register Should Fail With Message">
<arg>Username is not valid</arg>
<kw name="Register Page Should Be Open" library="resource">
<kw name="Title Should Be" library="SeleniumLibrary">
<arg>Register</arg>
<doc>Verifies that the current page title equals ``title``.</doc>
<msg timestamp="20231117 16:06:16.343" level="INFO">Page title is 'Register'.</msg>
<status status="PASS" starttime="20231117 16:06:16.329" endtime="20231117 16:06:16.343"/>
</kw>
<status status="PASS" starttime="20231117 16:06:16.329" endtime="20231117 16:06:16.343"/>
</kw>
<kw name="Page Should Contain" library="SeleniumLibrary">
<arg>${message}</arg>
<doc>Verifies that current page contains ``text``.</doc>
<msg timestamp="20231117 16:06:16.351" level="INFO">Current page contains text 'Username is not valid'.</msg>
<status status="PASS" starttime="20231117 16:06:16.343" endtime="20231117 16:06:16.351"/>
</kw>
<status status="PASS" starttime="20231117 16:06:16.329" endtime="20231117 16:06:16.351"/>
</kw>
<status status="PASS" starttime="20231117 16:06:16.183" endtime="20231117 16:06:16.351"/>
</test>
<test id="s1-s3-t3" name="Register With Valid Username And Invalid Password" line="22">
<kw name="Go To Register Page" library="resource" type="SETUP">
<kw name="Go To" library="SeleniumLibrary">
<arg>${REGISTER_URL}</arg>
<doc>Navigates the current browser window to the provided ``url``.</doc>
<msg timestamp="20231117 16:06:16.352" level="INFO">Opening url 'http://localhost:5001/register'</msg>
<status status="PASS" starttime="20231117 16:06:16.352" endtime="20231117 16:06:16.359"/>
</kw>
<status status="PASS" starttime="20231117 16:06:16.352" endtime="20231117 16:06:16.359"/>
</kw>
<kw name="Set Username">
<arg>kalle2</arg>
<kw name="Input Text" library="SeleniumLibrary">
<arg>username</arg>
<arg>${username}</arg>
<doc>Types the given ``text`` into the text field identified by ``locator``.</doc>
<msg timestamp="20231117 16:06:16.360" level="INFO">Typing text 'kalle2' into text field 'username'.</msg>
<status status="PASS" starttime="20231117 16:06:16.360" endtime="20231117 16:06:16.395"/>
</kw>
<status status="PASS" starttime="20231117 16:06:16.359" endtime="20231117 16:06:16.395"/>
</kw>
<kw name="Set Password">
<arg>kalle</arg>
<kw name="Input Password" library="SeleniumLibrary">
<arg>password</arg>
<arg>${password}</arg>
<doc>Types the given password into the text field identified by ``locator``.</doc>
<msg timestamp="20231117 16:06:16.396" level="INFO">Typing password into text field 'password'.</msg>
<msg timestamp="20231117 16:06:16.411" level="INFO">Temporally setting log level to: NONE</msg>
<msg timestamp="20231117 16:06:16.429" level="INFO">Log level changed from NONE to INFO.</msg>
<status status="PASS" starttime="20231117 16:06:16.395" endtime="20231117 16:06:16.429"/>
</kw>
<status status="PASS" starttime="20231117 16:06:16.395" endtime="20231117 16:06:16.429"/>
</kw>
<kw name="Set Password Confirmation">
<arg>kalle</arg>
<kw name="Input Password" library="SeleniumLibrary">
<arg>password_confirmation</arg>
<arg>${password}</arg>
<doc>Types the given password into the text field identified by ``locator``.</doc>
<msg timestamp="20231117 16:06:16.430" level="INFO">Typing password into text field 'password_confirmation'.</msg>
<msg timestamp="20231117 16:06:16.446" level="INFO">Temporally setting log level to: NONE</msg>
<msg timestamp="20231117 16:06:16.464" level="INFO">Log level changed from NONE to INFO.</msg>
<status status="PASS" starttime="20231117 16:06:16.430" endtime="20231117 16:06:16.464"/>
</kw>
<status status="PASS" starttime="20231117 16:06:16.429" endtime="20231117 16:06:16.464"/>
</kw>
<kw name="Submit Credentials">
<kw name="Click Button" library="SeleniumLibrary">
<arg>Register</arg>
<doc>Clicks the button identified by ``locator``.</doc>
<msg timestamp="20231117 16:06:16.465" level="INFO">Clicking button 'Register'.</msg>
<status status="PASS" starttime="20231117 16:06:16.465" endtime="20231117 16:06:16.494"/>
</kw>
<status status="PASS" starttime="20231117 16:06:16.464" endtime="20231117 16:06:16.494"/>
</kw>
<kw name="Register Should Fail With Message">
<arg>Password is not valid</arg>
<kw name="Register Page Should Be Open" library="resource">
<kw name="Title Should Be" library="SeleniumLibrary">
<arg>Register</arg>
<doc>Verifies that the current page title equals ``title``.</doc>
<msg timestamp="20231117 16:06:16.497" level="INFO">Page title is 'Register'.</msg>
<status status="PASS" starttime="20231117 16:06:16.495" endtime="20231117 16:06:16.497"/>
</kw>
<status status="PASS" starttime="20231117 16:06:16.494" endtime="20231117 16:06:16.497"/>
</kw>
<kw name="Page Should Contain" library="SeleniumLibrary">
<arg>${message}</arg>
<doc>Verifies that current page contains ``text``.</doc>
<msg timestamp="20231117 16:06:16.505" level="INFO">Current page contains text 'Password is not valid'.</msg>
<status status="PASS" starttime="20231117 16:06:16.497" endtime="20231117 16:06:16.505"/>
</kw>
<status status="PASS" starttime="20231117 16:06:16.494" endtime="20231117 16:06:16.505"/>
</kw>
<status status="PASS" starttime="20231117 16:06:16.351" endtime="20231117 16:06:16.506"/>
</test>
<test id="s1-s3-t4" name="Register With Nonmatching Password And Password Confirmation" line="29">
<kw name="Go To Register Page" library="resource" type="SETUP">
<kw name="Go To" library="SeleniumLibrary">
<arg>${REGISTER_URL}</arg>
<doc>Navigates the current browser window to the provided ``url``.</doc>
<msg timestamp="20231117 16:06:16.506" level="INFO">Opening url 'http://localhost:5001/register'</msg>
<status status="PASS" starttime="20231117 16:06:16.506" endtime="20231117 16:06:16.513"/>
</kw>
<status status="PASS" starttime="20231117 16:06:16.506" endtime="20231117 16:06:16.513"/>
</kw>
<kw name="Set Username">
<arg>kalle3</arg>
<kw name="Input Text" library="SeleniumLibrary">
<arg>username</arg>
<arg>${username}</arg>
<doc>Types the given ``text`` into the text field identified by ``locator``.</doc>
<msg timestamp="20231117 16:06:16.514" level="INFO">Typing text 'kalle3' into text field 'username'.</msg>
<status status="PASS" starttime="20231117 16:06:16.514" endtime="20231117 16:06:16.550"/>
</kw>
<status status="PASS" starttime="20231117 16:06:16.514" endtime="20231117 16:06:16.550"/>
</kw>
<kw name="Set Password">
<arg>kalle123</arg>
<kw name="Input Password" library="SeleniumLibrary">
<arg>password</arg>
<arg>${password}</arg>
<doc>Types the given password into the text field identified by ``locator``.</doc>
<msg timestamp="20231117 16:06:16.551" level="INFO">Typing password into text field 'password'.</msg>
<msg timestamp="20231117 16:06:16.566" level="INFO">Temporally setting log level to: NONE</msg>
<msg timestamp="20231117 16:06:16.585" level="INFO">Log level changed from NONE to INFO.</msg>
<status status="PASS" starttime="20231117 16:06:16.550" endtime="20231117 16:06:16.585"/>
</kw>
<status status="PASS" starttime="20231117 16:06:16.550" endtime="20231117 16:06:16.585"/>
</kw>
<kw name="Set Password Confirmation">
<arg>kalleeeh</arg>
<kw name="Input Password" library="SeleniumLibrary">
<arg>password_confirmation</arg>
<arg>${password}</arg>
<doc>Types the given password into the text field identified by ``locator``.</doc>
<msg timestamp="20231117 16:06:16.586" level="INFO">Typing password into text field 'password_confirmation'.</msg>
<msg timestamp="20231117 16:06:16.602" level="INFO">Temporally setting log level to: NONE</msg>
<msg timestamp="20231117 16:06:16.621" level="INFO">Log level changed from NONE to INFO.</msg>
<status status="PASS" starttime="20231117 16:06:16.586" endtime="20231117 16:06:16.621"/>
</kw>
<status status="PASS" starttime="20231117 16:06:16.585" endtime="20231117 16:06:16.621"/>
</kw>
<kw name="Submit Credentials">
<kw name="Click Button" library="SeleniumLibrary">
<arg>Register</arg>
<doc>Clicks the button identified by ``locator``.</doc>
<msg timestamp="20231117 16:06:16.622" level="INFO">Clicking button 'Register'.</msg>
<status status="PASS" starttime="20231117 16:06:16.622" endtime="20231117 16:06:16.652"/>
</kw>
<status status="PASS" starttime="20231117 16:06:16.622" endtime="20231117 16:06:16.652"/>
</kw>
<kw name="Register Should Fail With Message">
<arg>Password does not match confirmation</arg>
<kw name="Register Page Should Be Open" library="resource">
<kw name="Title Should Be" library="SeleniumLibrary">
<arg>Register</arg>
<doc>Verifies that the current page title equals ``title``.</doc>
<msg timestamp="20231117 16:06:16.654" level="INFO">Page title is 'Register'.</msg>
<status status="PASS" starttime="20231117 16:06:16.652" endtime="20231117 16:06:16.654"/>
</kw>
<status status="PASS" starttime="20231117 16:06:16.652" endtime="20231117 16:06:16.654"/>
</kw>
<kw name="Page Should Contain" library="SeleniumLibrary">
<arg>${message}</arg>
<doc>Verifies that current page contains ``text``.</doc>
<msg timestamp="20231117 16:06:16.663" level="INFO">Current page contains text 'Password does not match confirmation'.</msg>
<status status="PASS" starttime="20231117 16:06:16.655" endtime="20231117 16:06:16.663"/>
</kw>
<status status="PASS" starttime="20231117 16:06:16.652" endtime="20231117 16:06:16.663"/>
</kw>
<status status="PASS" starttime="20231117 16:06:16.506" endtime="20231117 16:06:16.663"/>
</test>
<test id="s1-s3-t5" name="Login After Successful Registration" line="36">
<kw name="Go To Register Page" library="resource" type="SETUP">
<kw name="Go To" library="SeleniumLibrary">
<arg>${REGISTER_URL}</arg>
<doc>Navigates the current browser window to the provided ``url``.</doc>
<msg timestamp="20231117 16:06:16.664" level="INFO">Opening url 'http://localhost:5001/register'</msg>
<status status="PASS" starttime="20231117 16:06:16.664" endtime="20231117 16:06:16.671"/>
</kw>
<status status="PASS" starttime="20231117 16:06:16.664" endtime="20231117 16:06:16.672"/>
</kw>
<kw name="Set Username">
<arg>kallestart</arg>
<kw name="Input Text" library="SeleniumLibrary">
<arg>username</arg>
<arg>${username}</arg>
<doc>Types the given ``text`` into the text field identified by ``locator``.</doc>
<msg timestamp="20231117 16:06:16.672" level="INFO">Typing text 'kallestart' into text field 'username'.</msg>
<status status="PASS" starttime="20231117 16:06:16.672" endtime="20231117 16:06:16.709"/>
</kw>
<status status="PASS" starttime="20231117 16:06:16.672" endtime="20231117 16:06:16.709"/>
</kw>
<kw name="Set Password">
<arg>kalle123</arg>
<kw name="Input Password" library="SeleniumLibrary">
<arg>password</arg>
<arg>${password}</arg>
<doc>Types the given password into the text field identified by ``locator``.</doc>
<msg timestamp="20231117 16:06:16.710" level="INFO">Typing password into text field 'password'.</msg>
<msg timestamp="20231117 16:06:16.725" level="INFO">Temporally setting log level to: NONE</msg>
<msg timestamp="20231117 16:06:16.744" level="INFO">Log level changed from NONE to INFO.</msg>
<status status="PASS" starttime="20231117 16:06:16.709" endtime="20231117 16:06:16.744"/>
</kw>
<status status="PASS" starttime="20231117 16:06:16.709" endtime="20231117 16:06:16.744"/>
</kw>
<kw name="Set Password Confirmation">
<arg>kalle123</arg>
<kw name="Input Password" library="SeleniumLibrary">
<arg>password_confirmation</arg>
<arg>${password}</arg>
<doc>Types the given password into the text field identified by ``locator``.</doc>
<msg timestamp="20231117 16:06:16.745" level="INFO">Typing password into text field 'password_confirmation'.</msg>
<msg timestamp="20231117 16:06:16.761" level="INFO">Temporally setting log level to: NONE</msg>
<msg timestamp="20231117 16:06:16.779" level="INFO">Log level changed from NONE to INFO.</msg>
<status status="PASS" starttime="20231117 16:06:16.744" endtime="20231117 16:06:16.779"/>
</kw>
<status status="PASS" starttime="20231117 16:06:16.744" endtime="20231117 16:06:16.779"/>
</kw>
<kw name="Submit Credentials">
<kw name="Click Button" library="SeleniumLibrary">
<arg>Register</arg>
<doc>Clicks the button identified by ``locator``.</doc>
<msg timestamp="20231117 16:06:16.779" level="INFO">Clicking button 'Register'.</msg>
<status status="PASS" starttime="20231117 16:06:16.779" endtime="20231117 16:06:16.808"/>
</kw>
<status status="PASS" starttime="20231117 16:06:16.779" endtime="20231117 16:06:16.808"/>
</kw>
<kw name="Go To Login Page" library="resource">
<kw name="Go To" library="SeleniumLibrary">
<arg>${LOGIN_URL}</arg>
<doc>Navigates the current browser window to the provided ``url``.</doc>
<msg timestamp="20231117 16:06:16.808" level="INFO">Opening url 'http://localhost:5001/login'</msg>
<status status="PASS" starttime="20231117 16:06:16.808" endtime="20231117 16:06:16.815"/>
</kw>
<status status="PASS" starttime="20231117 16:06:16.808" endtime="20231117 16:06:16.815"/>
</kw>
<kw name="Set Username">
<arg>kallestart</arg>
<kw name="Input Text" library="SeleniumLibrary">
<arg>username</arg>
<arg>${username}</arg>
<doc>Types the given ``text`` into the text field identified by ``locator``.</doc>
<msg timestamp="20231117 16:06:16.816" level="INFO">Typing text 'kallestart' into text field 'username'.</msg>
<status status="PASS" starttime="20231117 16:06:16.816" endtime="20231117 16:06:16.852"/>
</kw>
<status status="PASS" starttime="20231117 16:06:16.816" endtime="20231117 16:06:16.852"/>
</kw>
<kw name="Set Password">
<arg>kalle123</arg>
<kw name="Input Password" library="SeleniumLibrary">
<arg>password</arg>
<arg>${password}</arg>
<doc>Types the given password into the text field identified by ``locator``.</doc>
<msg timestamp="20231117 16:06:16.853" level="INFO">Typing password into text field 'password'.</msg>
<msg timestamp="20231117 16:06:16.869" level="INFO">Temporally setting log level to: NONE</msg>
<msg timestamp="20231117 16:06:16.888" level="INFO">Log level changed from NONE to INFO.</msg>
<status status="PASS" starttime="20231117 16:06:16.852" endtime="20231117 16:06:16.888"/>
</kw>
<status status="PASS" starttime="20231117 16:06:16.852" endtime="20231117 16:06:16.888"/>
</kw>
<kw name="Submit Login Credentials">
<kw name="Click Button" library="SeleniumLibrary">
<arg>Login</arg>
<doc>Clicks the button identified by ``locator``.</doc>
<msg timestamp="20231117 16:06:16.888" level="INFO">Clicking button 'Login'.</msg>
<status status="PASS" starttime="20231117 16:06:16.888" endtime="20231117 16:06:16.924"/>
</kw>
<status status="PASS" starttime="20231117 16:06:16.888" endtime="20231117 16:06:16.924"/>
</kw>
<kw name="Login Should Succeed">
<kw name="Main Page Should Be Open" library="resource">
<kw name="Title Should Be" library="SeleniumLibrary">
<arg>Ohtu Application main page</arg>
<doc>Verifies that the current page title equals ``title``.</doc>
<msg timestamp="20231117 16:06:16.928" level="INFO">Page title is 'Ohtu Application main page'.</msg>
<status status="PASS" starttime="20231117 16:06:16.925" endtime="20231117 16:06:16.928"/>
</kw>
<status status="PASS" starttime="20231117 16:06:16.925" endtime="20231117 16:06:16.928"/>
</kw>
<status status="PASS" starttime="20231117 16:06:16.925" endtime="20231117 16:06:16.928"/>
</kw>
<status status="PASS" starttime="20231117 16:06:16.664" endtime="20231117 16:06:16.928"/>
</test>
<test id="s1-s3-t6" name="Login After Failed Registration" line="47">
<kw name="Go To Register Page" library="resource" type="SETUP">
<kw name="Go To" library="SeleniumLibrary">
<arg>${REGISTER_URL}</arg>
<doc>Navigates the current browser window to the provided ``url``.</doc>
<msg timestamp="20231117 16:06:16.929" level="INFO">Opening url 'http://localhost:5001/register'</msg>
<status status="PASS" starttime="20231117 16:06:16.929" endtime="20231117 16:06:16.936"/>
</kw>
<status status="PASS" starttime="20231117 16:06:16.928" endtime="20231117 16:06:16.936"/>
</kw>
<kw name="Set Username">
<arg>k</arg>
<kw name="Input Text" library="SeleniumLibrary">
<arg>username</arg>
<arg>${username}</arg>
<doc>Types the given ``text`` into the text field identified by ``locator``.</doc>
<msg timestamp="20231117 16:06:16.937" level="INFO">Typing text 'k' into text field 'username'.</msg>
<status status="PASS" starttime="20231117 16:06:16.937" endtime="20231117 16:06:16.972"/>
</kw>
<status status="PASS" starttime="20231117 16:06:16.937" endtime="20231117 16:06:16.972"/>
</kw>
<kw name="Set Password">
<arg>kalle123</arg>
<kw name="Input Password" library="SeleniumLibrary">
<arg>password</arg>
<arg>${password}</arg>
<doc>Types the given password into the text field identified by ``locator``.</doc>
<msg timestamp="20231117 16:06:16.973" level="INFO">Typing password into text field 'password'.</msg>
<msg timestamp="20231117 16:06:16.988" level="INFO">Temporally setting log level to: NONE</msg>
<msg timestamp="20231117 16:06:17.008" level="INFO">Log level changed from NONE to INFO.</msg>
<status status="PASS" starttime="20231117 16:06:16.973" endtime="20231117 16:06:17.008"/>
</kw>
<status status="PASS" starttime="20231117 16:06:16.972" endtime="20231117 16:06:17.008"/>
</kw>
<kw name="Set Password Confirmation">
<arg>kalle123</arg>
<kw name="Input Password" library="SeleniumLibrary">
<arg>password_confirmation</arg>
<arg>${password}</arg>
<doc>Types the given password into the text field identified by ``locator``.</doc>
<msg timestamp="20231117 16:06:17.009" level="INFO">Typing password into text field 'password_confirmation'.</msg>
<msg timestamp="20231117 16:06:17.024" level="INFO">Temporally setting log level to: NONE</msg>
<msg timestamp="20231117 16:06:17.043" level="INFO">Log level changed from NONE to INFO.</msg>
<status status="PASS" starttime="20231117 16:06:17.009" endtime="20231117 16:06:17.043"/>
</kw>
<status status="PASS" starttime="20231117 16:06:17.008" endtime="20231117 16:06:17.043"/>
</kw>
<kw name="Submit Credentials">
<kw name="Click Button" library="SeleniumLibrary">
<arg>Register</arg>
<doc>Clicks the button identified by ``locator``.</doc>
<msg timestamp="20231117 16:06:17.044" level="INFO">Clicking button 'Register'.</msg>
<status status="PASS" starttime="20231117 16:06:17.043" endtime="20231117 16:06:17.073"/>
</kw>
<status status="PASS" starttime="20231117 16:06:17.043" endtime="20231117 16:06:17.073"/>
</kw>
<kw name="Go To Login Page" library="resource">
<kw name="Go To" library="SeleniumLibrary">
<arg>${LOGIN_URL}</arg>
<doc>Navigates the current browser window to the provided ``url``.</doc>
<msg timestamp="20231117 16:06:17.073" level="INFO">Opening url 'http://localhost:5001/login'</msg>
<status status="PASS" starttime="20231117 16:06:17.073" endtime="20231117 16:06:17.080"/>
</kw>
<status status="PASS" starttime="20231117 16:06:17.073" endtime="20231117 16:06:17.081"/>
</kw>
<kw name="Set Username">
<arg>k</arg>
<kw name="Input Text" library="SeleniumLibrary">
<arg>username</arg>
<arg>${username}</arg>
<doc>Types the given ``text`` into the text field identified by ``locator``.</doc>
<msg timestamp="20231117 16:06:17.081" level="INFO">Typing text 'k' into text field 'username'.</msg>
<status status="PASS" starttime="20231117 16:06:17.081" endtime="20231117 16:06:17.116"/>
</kw>
<status status="PASS" starttime="20231117 16:06:17.081" endtime="20231117 16:06:17.116"/>
</kw>
<kw name="Set Password">
<arg>kalle123</arg>
<kw name="Input Password" library="SeleniumLibrary">
<arg>password</arg>
<arg>${password}</arg>
<doc>Types the given password into the text field identified by ``locator``.</doc>
<msg timestamp="20231117 16:06:17.116" level="INFO">Typing password into text field 'password'.</msg>
<msg timestamp="20231117 16:06:17.132" level="INFO">Temporally setting log level to: NONE</msg>
<msg timestamp="20231117 16:06:17.151" level="INFO">Log level changed from NONE to INFO.</msg>
<status status="PASS" starttime="20231117 16:06:17.116" endtime="20231117 16:06:17.151"/>
</kw>
<status status="PASS" starttime="20231117 16:06:17.116" endtime="20231117 16:06:17.151"/>
</kw>
<kw name="Submit Login Credentials">
<kw name="Click Button" library="SeleniumLibrary">
<arg>Login</arg>
<doc>Clicks the button identified by ``locator``.</doc>
<msg timestamp="20231117 16:06:17.152" level="INFO">Clicking button 'Login'.</msg>
<status status="PASS" starttime="20231117 16:06:17.151" endtime="20231117 16:06:17.181"/>
</kw>
<status status="PASS" starttime="20231117 16:06:17.151" endtime="20231117 16:06:17.181"/>
</kw>
<kw name="Login Should Fail With Message">
<arg>Invalid username or password</arg>
<kw name="Login Page Should Be Open" library="resource">
<kw name="Title Should Be" library="SeleniumLibrary">
<arg>Login</arg>
<doc>Verifies that the current page title equals ``title``.</doc>
<msg timestamp="20231117 16:06:17.183" level="INFO">Page title is 'Login'.</msg>
<status status="PASS" starttime="20231117 16:06:17.181" endtime="20231117 16:06:17.183"/>
</kw>
<status status="PASS" starttime="20231117 16:06:17.181" endtime="20231117 16:06:17.183"/>
</kw>
<kw name="Page Should Contain" library="SeleniumLibrary">
<arg>${message}</arg>
<doc>Verifies that current page contains ``text``.</doc>
<msg timestamp="20231117 16:06:17.192" level="INFO">Current page contains text 'Invalid username or password'.</msg>
<status status="PASS" starttime="20231117 16:06:17.183" endtime="20231117 16:06:17.192"/>
</kw>
<status status="PASS" starttime="20231117 16:06:17.181" endtime="20231117 16:06:17.192"/>
</kw>
<status status="PASS" starttime="20231117 16:06:16.928" endtime="20231117 16:06:17.193"/>
</test>
<kw name="Close Browser" library="SeleniumLibrary" type="TEARDOWN">
<doc>Closes the current browser.</doc>
<status status="PASS" starttime="20231117 16:06:17.193" endtime="20231117 16:06:17.250"/>
</kw>
<status status="PASS" starttime="20231117 16:06:15.309" endtime="20231117 16:06:17.251"/>
</suite>
<status status="PASS" starttime="20231117 16:06:13.206" endtime="20231117 16:06:17.252"/>
</suite>
<statistics>
<total>
<stat pass="11" fail="0" skip="0">All Tests</stat>
</total>
<tag>
</tag>
<suite>
<stat pass="11" fail="0" skip="0" id="s1" name="Tests">Tests</stat>
<stat pass="2" fail="0" skip="0" id="s1-s1" name="Home">Tests.Home</stat>
<stat pass="3" fail="0" skip="0" id="s1-s2" name="Login">Tests.Login</stat>
<stat pass="6" fail="0" skip="0" id="s1-s3" name="Register">Tests.Register</stat>
</suite>
</statistics>
<errors>
</errors>
</robot>
