<?xml version="1.0" encoding="UTF-8"?>
<robot generator="Robot 6.1.1 (Python 3.10.12 on linux)" generated="20231117 15:20:12.422" rpa="false" schemaversion="4">
<suite id="s1" name="Tests" source="/home/juhani/AA_Koulu/palautusrepositorio/viikko3/login-robot/src/tests">
<suite id="s1-s1" name="Login" source="/home/juhani/AA_Koulu/palautusrepositorio/viikko3/login-robot/src/tests/login.robot">
<test id="s1-s1-t1" name="Login With Correct Credentials" line="6">
<kw name="Create User And Input Login Command" type="SETUP">
<kw name="Create User" library="AppLibrary">
<arg>kalle</arg>
<arg>kalle123</arg>
<status status="PASS" starttime="20231117 15:20:12.437" endtime="20231117 15:20:12.438"/>
</kw>
<kw name="Input Login Command" library="resource">
<kw name="Input" library="AppLibrary">
<arg>login</arg>
<status status="PASS" starttime="20231117 15:20:12.438" endtime="20231117 15:20:12.438"/>
</kw>
<status status="PASS" starttime="20231117 15:20:12.438" endtime="20231117 15:20:12.438"/>
</kw>
<status status="PASS" starttime="20231117 15:20:12.437" endtime="20231117 15:20:12.438"/>
</kw>
<kw name="Input Credentials" library="resource">
<arg>kalle</arg>
<arg>kalle123</arg>
<kw name="Input" library="AppLibrary">
<arg>${username}</arg>
<status status="PASS" starttime="20231117 15:20:12.438" endtime="20231117 15:20:12.438"/>
</kw>
<kw name="Input" library="AppLibrary">
<arg>${password}</arg>
<status status="PASS" starttime="20231117 15:20:12.438" endtime="20231117 15:20:12.439"/>
</kw>
<kw name="Run Application" library="AppLibrary">
<status status="PASS" starttime="20231117 15:20:12.439" endtime="20231117 15:20:12.439"/>
</kw>
<status status="PASS" starttime="20231117 15:20:12.438" endtime="20231117 15:20:12.439"/>
</kw>
<kw name="Output Should Contain" library="AppLibrary">
<arg>Logged in</arg>
<status status="PASS" starttime="20231117 15:20:12.439" endtime="20231117 15:20:12.439"/>
</kw>
<status status="PASS" starttime="20231117 15:20:12.437" endtime="20231117 15:20:12.439"/>
</test>
<test id="s1-s1-t2" name="Login With Incorrect Password" line="10">
<kw name="Create User And Input Login Command" type="SETUP">
<kw name="Create User" library="AppLibrary">
<arg>kalle</arg>
<arg>kalle123</arg>
<status status="PASS" starttime="20231117 15:20:12.439" endtime="20231117 15:20:12.439"/>
</kw>
<kw name="Input Login Command" library="resource">
<kw name="Input" library="AppLibrary">
<arg>login</arg>
<status status="PASS" starttime="20231117 15:20:12.440" endtime="20231117 15:20:12.440"/>
</kw>
<status status="PASS" starttime="20231117 15:20:12.439" endtime="20231117 15:20:12.440"/>
</kw>
<status status="PASS" starttime="20231117 15:20:12.439" endtime="20231117 15:20:12.440"/>
</kw>
<kw name="Input Credentials" library="resource">
<arg>kalle</arg>
<arg>abc</arg>
<kw name="Input" library="AppLibrary">
<arg>${username}</arg>
<status status="PASS" starttime="20231117 15:20:12.440" endtime="20231117 15:20:12.440"/>
</kw>
<kw name="Input" library="AppLibrary">
<arg>${password}</arg>
<status status="PASS" starttime="20231117 15:20:12.440" endtime="20231117 15:20:12.440"/>
</kw>
<kw name="Run Application" library="AppLibrary">
<status status="PASS" starttime="20231117 15:20:12.440" endtime="20231117 15:20:12.440"/>
</kw>
<status status="PASS" starttime="20231117 15:20:12.440" endtime="20231117 15:20:12.440"/>
</kw>
<kw name="Output Should Contain" library="AppLibrary">
<arg>Invalid username or password</arg>
<status status="PASS" starttime="20231117 15:20:12.440" endtime="20231117 15:20:12.440"/>
</kw>
<status status="PASS" starttime="20231117 15:20:12.439" endtime="20231117 15:20:12.440"/>
</test>
<test id="s1-s1-t3" name="Login With Nonexistent Username" line="14">
<kw name="Create User And Input Login Command" type="SETUP">
<kw name="Create User" library="AppLibrary">
<arg>kalle</arg>
<arg>kalle123</arg>
<status status="PASS" starttime="20231117 15:20:12.441" endtime="20231117 15:20:12.441"/>
</kw>
<kw name="Input Login Command" library="resource">
<kw name="Input" library="AppLibrary">
<arg>login</arg>
<status status="PASS" starttime="20231117 15:20:12.441" endtime="20231117 15:20:12.441"/>
</kw>
<status status="PASS" starttime="20231117 15:20:12.441" endtime="20231117 15:20:12.441"/>
</kw>
<status status="PASS" starttime="20231117 15:20:12.441" endtime="20231117 15:20:12.441"/>
</kw>
<kw name="Input Credentials" library="resource">
<arg>kalle123</arg>
<arg>kalle123</arg>
<kw name="Input" library="AppLibrary">
<arg>${username}</arg>
<status status="PASS" starttime="20231117 15:20:12.441" endtime="20231117 15:20:12.442"/>
</kw>
<kw name="Input" library="AppLibrary">
<arg>${password}</arg>
<status status="PASS" starttime="20231117 15:20:12.442" endtime="20231117 15:20:12.442"/>
</kw>
<kw name="Run Application" library="AppLibrary">
<status status="PASS" starttime="20231117 15:20:12.442" endtime="20231117 15:20:12.442"/>
</kw>
<status status="PASS" starttime="20231117 15:20:12.441" endtime="20231117 15:20:12.442"/>
</kw>
<kw name="Output Should Contain" library="AppLibrary">
<arg>Invalid username or password</arg>
<status status="PASS" starttime="20231117 15:20:12.442" endtime="20231117 15:20:12.442"/>
</kw>
<status status="PASS" starttime="20231117 15:20:12.441" endtime="20231117 15:20:12.442"/>
</test>
<status status="PASS" starttime="20231117 15:20:12.433" endtime="20231117 15:20:12.442"/>
</suite>
<suite id="s1-s2" name="Register" source="/home/juhani/AA_Koulu/palautusrepositorio/viikko3/login-robot/src/tests/register.robot">
<test id="s1-s2-t1" name="Register With Valid Username And Password" line="5">
<kw name="Input Register Command" library="resource">
<kw name="Input" library="AppLibrary">
<arg>new</arg>
<status status="PASS" starttime="20231117 15:20:12.444" endtime="20231117 15:20:12.444"/>
</kw>
<status status="PASS" starttime="20231117 15:20:12.444" endtime="20231117 15:20:12.444"/>
</kw>
<kw name="Input Credentials" library="resource">
<arg>abc</arg>
<arg>abcdefgh123</arg>
<kw name="Input" library="AppLibrary">
<arg>${username}</arg>
<status status="PASS" starttime="20231117 15:20:12.444" endtime="20231117 15:20:12.444"/>
</kw>
<kw name="Input" library="AppLibrary">
<arg>${password}</arg>
<status status="PASS" starttime="20231117 15:20:12.444" endtime="20231117 15:20:12.444"/>
</kw>
<kw name="Run Application" library="AppLibrary">
<status status="PASS" starttime="20231117 15:20:12.444" endtime="20231117 15:20:12.445"/>
</kw>
<status status="PASS" starttime="20231117 15:20:12.444" endtime="20231117 15:20:12.445"/>
</kw>
<kw name="Output Should Contain" library="AppLibrary">
<arg>New user registered</arg>
<status status="PASS" starttime="20231117 15:20:12.445" endtime="20231117 15:20:12.445"/>
</kw>
<status status="PASS" starttime="20231117 15:20:12.444" endtime="20231117 15:20:12.445"/>
</test>
<test id="s1-s2-t2" name="Register With Already Taken Username And Valid Password" line="11">
<kw name="Input Register Command" library="resource">
<kw name="Input" library="AppLibrary">
<arg>new</arg>
<status status="PASS" starttime="20231117 15:20:12.445" endtime="20231117 15:20:12.445"/>
</kw>
<status status="PASS" starttime="20231117 15:20:12.445" endtime="20231117 15:20:12.445"/>
</kw>
<kw name="Input Credentials" library="resource">
<arg>abc</arg>
<arg>abcdefgh123</arg>
<kw name="Input" library="AppLibrary">
<arg>${username}</arg>
<status status="PASS" starttime="20231117 15:20:12.445" endtime="20231117 15:20:12.446"/>
</kw>
<kw name="Input" library="AppLibrary">
<arg>${password}</arg>
<status status="PASS" starttime="20231117 15:20:12.446" endtime="20231117 15:20:12.446"/>
</kw>
<kw name="Run Application" library="AppLibrary">
<status status="PASS" starttime="20231117 15:20:12.446" endtime="20231117 15:20:12.446"/>
</kw>
<status status="PASS" starttime="20231117 15:20:12.445" endtime="20231117 15:20:12.446"/>
</kw>
<kw name="Input Register Command" library="resource">
<kw name="Input" library="AppLibrary">
<arg>new</arg>
<status status="PASS" starttime="20231117 15:20:12.446" endtime="20231117 15:20:12.446"/>
</kw>
<status status="PASS" starttime="20231117 15:20:12.446" endtime="20231117 15:20:12.446"/>
</kw>
<kw name="Input Credentials" library="resource">
<arg>abc</arg>
<arg>abcdefgh123</arg>
<kw name="Input" library="AppLibrary">
<arg>${username}</arg>
<status status="PASS" starttime="20231117 15:20:12.446" endtime="20231117 15:20:12.447"/>
</kw>
<kw name="Input" library="AppLibrary">
<arg>${password}</arg>
<status status="PASS" starttime="20231117 15:20:12.447" endtime="20231117 15:20:12.447"/>
</kw>
<kw name="Run Application" library="AppLibrary">
<status status="PASS" starttime="20231117 15:20:12.447" endtime="20231117 15:20:12.447"/>
</kw>
<status status="PASS" starttime="20231117 15:20:12.446" endtime="20231117 15:20:12.447"/>
</kw>
<kw name="Output Should Contain" library="AppLibrary">
<arg>Username already exists</arg>
<status status="PASS" starttime="20231117 15:20:12.447" endtime="20231117 15:20:12.447"/>
</kw>
<status status="PASS" starttime="20231117 15:20:12.445" endtime="20231117 15:20:12.447"/>
</test>
<test id="s1-s2-t3" name="Register With Too Short Username And Valid Password" line="19">
<kw name="Input Register Command" library="resource">
<kw name="Input" library="AppLibrary">
<arg>new</arg>
<status status="PASS" starttime="20231117 15:20:12.447" endtime="20231117 15:20:12.448"/>
</kw>
<status status="PASS" starttime="20231117 15:20:12.447" endtime="20231117 15:20:12.448"/>
</kw>
<kw name="Input Credentials" library="resource">
<arg>ab</arg>
<arg>abcdefgh123</arg>
<kw name="Input" library="AppLibrary">
<arg>${username}</arg>
<status status="PASS" starttime="20231117 15:20:12.448" endtime="20231117 15:20:12.448"/>
</kw>
<kw name="Input" library="AppLibrary">
<arg>${password}</arg>
<status status="PASS" starttime="20231117 15:20:12.448" endtime="20231117 15:20:12.448"/>
</kw>
<kw name="Run Application" library="AppLibrary">
<status status="PASS" starttime="20231117 15:20:12.448" endtime="20231117 15:20:12.448"/>
</kw>
<status status="PASS" starttime="20231117 15:20:12.448" endtime="20231117 15:20:12.448"/>
</kw>
<kw name="Output Should Contain" library="AppLibrary">
<arg>Username is not valid</arg>
<status status="PASS" starttime="20231117 15:20:12.448" endtime="20231117 15:20:12.448"/>
</kw>
<status status="PASS" starttime="20231117 15:20:12.447" endtime="20231117 15:20:12.448"/>
</test>
<test id="s1-s2-t4" name="Register With Enough Long But Invalid Username And Valid Password" line="24">
<kw name="Input Register Command" library="resource">
<kw name="Input" library="AppLibrary">
<arg>new</arg>
<status status="PASS" starttime="20231117 15:20:12.449" endtime="20231117 15:20:12.449"/>
</kw>
<status status="PASS" starttime="20231117 15:20:12.449" endtime="20231117 15:20:12.449"/>
</kw>
<kw name="Input Credentials" library="resource">
<arg>abc123</arg>
<arg>abcdefgh123</arg>
<kw name="Input" library="AppLibrary">
<arg>${username}</arg>
<status status="PASS" starttime="20231117 15:20:12.449" endtime="20231117 15:20:12.449"/>
</kw>
<kw name="Input" library="AppLibrary">
<arg>${password}</arg>
<status status="PASS" starttime="20231117 15:20:12.449" endtime="20231117 15:20:12.449"/>
</kw>
<kw name="Run Application" library="AppLibrary">
<status status="PASS" starttime="20231117 15:20:12.449" endtime="20231117 15:20:12.449"/>
</kw>
<status status="PASS" starttime="20231117 15:20:12.449" endtime="20231117 15:20:12.449"/>
</kw>
<kw name="Output Should Contain" library="AppLibrary">
<arg>Username is not valid</arg>
<status status="PASS" starttime="20231117 15:20:12.449" endtime="20231117 15:20:12.449"/>
</kw>
<status status="PASS" starttime="20231117 15:20:12.448" endtime="20231117 15:20:12.449"/>
</test>
<test id="s1-s2-t5" name="Register With Valid Username And Too Short Password" line="29">
<kw name="Input Register Command" library="resource">
<kw name="Input" library="AppLibrary">
<arg>new</arg>
<status status="PASS" starttime="20231117 15:20:12.450" endtime="20231117 15:20:12.450"/>
</kw>
<status status="PASS" starttime="20231117 15:20:12.450" endtime="20231117 15:20:12.450"/>
</kw>
<kw name="Input Credentials" library="resource">
<arg>abc</arg>
<arg>abcd</arg>
<kw name="Input" library="AppLibrary">
<arg>${username}</arg>
<status status="PASS" starttime="20231117 15:20:12.450" endtime="20231117 15:20:12.450"/>
</kw>
<kw name="Input" library="AppLibrary">
<arg>${password}</arg>
<status status="PASS" starttime="20231117 15:20:12.450" endtime="20231117 15:20:12.451"/>
</kw>
<kw name="Run Application" library="AppLibrary">
<status status="PASS" starttime="20231117 15:20:12.451" endtime="20231117 15:20:12.451"/>
</kw>
<status status="PASS" starttime="20231117 15:20:12.450" endtime="20231117 15:20:12.451"/>
</kw>
<kw name="Output Should Contain" library="AppLibrary">
<arg>Password is not valid</arg>
<status status="PASS" starttime="20231117 15:20:12.451" endtime="20231117 15:20:12.451"/>
</kw>
<status status="PASS" starttime="20231117 15:20:12.450" endtime="20231117 15:20:12.451"/>
</test>
<test id="s1-s2-t6" name="Register With Valid Username And Long Enough Password Containing Only Letters" line="34">
<kw name="Input Register Command" library="resource">
<kw name="Input" library="AppLibrary">
<arg>new</arg>
<status status="PASS" starttime="20231117 15:20:12.451" endtime="20231117 15:20:12.451"/>
</kw>
<status status="PASS" starttime="20231117 15:20:12.451" endtime="20231117 15:20:12.452"/>
</kw>
<kw name="Input Credentials" library="resource">
<arg>abc</arg>
<arg>abcdefgh</arg>
<kw name="Input" library="AppLibrary">
<arg>${username}</arg>
<status status="PASS" starttime="20231117 15:20:12.452" endtime="20231117 15:20:12.452"/>
</kw>
<kw name="Input" library="AppLibrary">
<arg>${password}</arg>
<status status="PASS" starttime="20231117 15:20:12.452" endtime="20231117 15:20:12.452"/>
</kw>
<kw name="Run Application" library="AppLibrary">
<status status="PASS" starttime="20231117 15:20:12.452" endtime="20231117 15:20:12.452"/>
</kw>
<status status="PASS" starttime="20231117 15:20:12.452" endtime="20231117 15:20:12.452"/>
</kw>
<kw name="Output Should Contain" library="AppLibrary">
<arg>Password is not valid</arg>
<status status="PASS" starttime="20231117 15:20:12.452" endtime="20231117 15:20:12.452"/>
</kw>
<status status="PASS" starttime="20231117 15:20:12.451" endtime="20231117 15:20:12.452"/>
</test>
<status status="PASS" starttime="20231117 15:20:12.442" endtime="20231117 15:20:12.452"/>
</suite>
<status status="PASS" starttime="20231117 15:20:12.423" endtime="20231117 15:20:12.453"/>
</suite>
<statistics>
<total>
<stat pass="9" fail="0" skip="0">All Tests</stat>
</total>
<tag>
</tag>
<suite>
<stat pass="9" fail="0" skip="0" id="s1" name="Tests">Tests</stat>
<stat pass="3" fail="0" skip="0" id="s1-s1" name="Login">Tests.Login</stat>
<stat pass="6" fail="0" skip="0" id="s1-s2" name="Register">Tests.Register</stat>
</suite>
</statistics>
<errors>
</errors>
</robot>
